app/build/intermediates/manifest_merge_blame_file/debug/manifest-merger-blame-debug-report.txt
1<?xml version="1.0" encoding="utf-8"?>
2<manifest xmlns:android="http://schemas.android.com/apk/res/android"
3    package="com.example.proteintracker"
4    android:versionCode="1"
5    android:versionName="1.0" >
6
7    <uses-sdk
8        android:minSdkVersion="21"
8-->src\main\AndroidManifest.xml
9        android:targetSdkVersion="29" />
9-->src\main\AndroidManifest.xml
10
11    <application
11-->src\main\AndroidManifest.xml:5:5-27:19
12        android:allowBackup="true"
12-->src\main\AndroidManifest.xml:6:9-35
13        android:appComponentFactory="androidx.core.app.CoreComponentFactory"
13-->[androidx.core:core:1.0.1] AndroidManifest.xml:22:18-86
14        android:debuggable="true"
15        android:icon="@mipmap/ic_launcher"
15-->src\main\AndroidManifest.xml:7:9-43
16        android:label="@string/app_name"
16-->src\main\AndroidManifest.xml:8:9-41
17        android:roundIcon="@mipmap/ic_launcher_round"
17-->src\main\AndroidManifest.xml:9:9-54
18        android:supportsRtl="true"
18-->src\main\AndroidManifest.xml:10:9-35
19        android:testOnly="true"
20        android:theme="@style/AppTheme" >
20-->src\main\AndroidManifest.xml:11:9-40
21        <activity android:name="com.example.proteintracker.MahasiswaActivity" />
21-->src\main\AndroidManifest.xml:12:9-64
21-->src\main\AndroidManifest.xml:12:19-52
22        <activity android:name="com.example.proteintracker.MahasiswaFragment1" />
22-->src\main\AndroidManifest.xml:13:9-56
22-->src\main\AndroidManifest.xml:13:19-53
23        <activity android:name="com.example.proteintracker.ProteinTrackerApp" />
23-->src\main\AndroidManifest.xml:14:9-55
23-->src\main\AndroidManifest.xml:14:19-52
24        <activity android:name="com.example.proteintracker.Table" />
24-->src\main\AndroidManifest.xml:15:9-43
24-->src\main\AndroidManifest.xml:15:19-40
25        <activity android:name="com.example.proteintracker.Main3FragmentActivity" />
25-->src\main\AndroidManifest.xml:16:9-59
25-->src\main\AndroidManifest.xml:16:19-56
26        <activity android:name="com.example.proteintracker.Text" />
26-->src\main\AndroidManifest.xml:17:9-42
26-->src\main\AndroidManifest.xml:17:19-39
27        <activity android:name="com.example.proteintracker.Test" />
27-->src\main\AndroidManifest.xml:18:9-42
27-->src\main\AndroidManifest.xml:18:19-39
28        <activity android:name="com.example.proteintracker.HelpActivity" />
28-->src\main\AndroidManifest.xml:19:9-50
28-->src\main\AndroidManifest.xml:19:19-47
29        <activity android:name="com.example.proteintracker.MainActivity" >
29-->src\main\AndroidManifest.xml:20:9-26:20
29-->src\main\AndroidManifest.xml:20:19-47
30            <intent-filter>
30-->src\main\AndroidManifest.xml:21:13-25:29
31                <action android:name="android.intent.action.MAIN" />
31-->src\main\AndroidManifest.xml:22:17-69
31-->src\main\AndroidManifest.xml:22:25-66
32
33                <category android:name="android.intent.category.LAUNCHER" />
33-->src\main\AndroidManifest.xml:24:17-77
33-->src\main\AndroidManifest.xml:24:27-74
34            </intent-filter>
35        </activity>
36    </application>
37
38</manifest>